21:02:29.752 [main] INFO  sww.stuinfo.StuInfoApplication - Starting StuInfoApplication on LAPTOP-8J4J4V32 with PID 920 (started by hp in D:\æ–°å»ºæ–‡ä»¶å¤¹ (2)\stu_info)
21:02:29.752 [main] INFO  sww.stuinfo.StuInfoApplication - No active profile set, falling back to default profiles: default
21:02:31.142 [main] INFO  org.apache.coyote.http11.Http11NioProtocol - Initializing ProtocolHandler ["http-nio-8080"]
21:02:31.142 [main] INFO  org.apache.catalina.core.StandardService - Starting service [Tomcat]
21:02:31.142 [main] INFO  org.apache.catalina.core.StandardEngine - Starting Servlet engine: [Apache Tomcat/9.0.30]
21:02:31.205 [main] INFO  org.apache.catalina.core.ContainerBase.[Tomcat].[localhost].[/] - Initializing Spring embedded WebApplicationContext
21:02:31.595 [main] INFO  org.apache.coyote.http11.Http11NioProtocol - Starting ProtocolHandler ["http-nio-8080"]
21:02:31.627 [main] INFO  sww.stuinfo.StuInfoApplication - Started StuInfoApplication in 2.199 seconds (JVM running for 3.416)
22:43:39.111 [main] INFO  sww.stuinfo.StuInfoApplicationTests - Starting StuInfoApplicationTests on LAPTOP-8J4J4V32 with PID 11124 (started by hp in D:\ÐÂ½¨ÎÄ¼þ¼Ð (2)\stu_info)
22:43:39.127 [main] INFO  sww.stuinfo.StuInfoApplicationTests - No active profile set, falling back to default profiles: default
22:43:41.595 [main] INFO  sww.stuinfo.StuInfoApplicationTests - Started StuInfoApplicationTests in 2.706 seconds (JVM running for 4.151)
22:43:42.111 [main] INFO  com.alibaba.druid.pool.DruidDataSource - {dataSource-1} inited
22:43:42.549 [SpringContextShutdownHook] INFO  com.alibaba.druid.pool.DruidDataSource - {dataSource-1} closing ...
22:43:42.564 [SpringContextShutdownHook] INFO  com.alibaba.druid.pool.DruidDataSource - {dataSource-1} closed
22:44:55.895 [main] INFO  sww.stuinfo.StuInfoApplicationTests - Starting StuInfoApplicationTests on LAPTOP-8J4J4V32 with PID 14728 (started by hp in D:\ÐÂ½¨ÎÄ¼þ¼Ð (2)\stu_info)
22:44:55.895 [main] INFO  sww.stuinfo.StuInfoApplicationTests - No active profile set, falling back to default profiles: default
22:44:58.361 [main] INFO  sww.stuinfo.StuInfoApplicationTests - Started StuInfoApplicationTests in 2.679 seconds (JVM running for 4.085)
22:44:58.814 [main] INFO  com.alibaba.druid.pool.DruidDataSource - {dataSource-1} inited
22:44:59.189 [SpringContextShutdownHook] INFO  com.alibaba.druid.pool.DruidDataSource - {dataSource-1} closing ...
22:44:59.189 [SpringContextShutdownHook] INFO  com.alibaba.druid.pool.DruidDataSource - {dataSource-1} closed
