[DEBUG][20-02-10][druid.sql.Connection]{conn-10001,procId-19} connected
[DEBUG][20-02-10][druid.sql.Connection]{conn-10002,procId-20} connected
[DEBUG][20-02-10][druid.sql.Connection]{conn-10003,procId-21} connected
[DEBUG][20-02-10][druid.sql.Connection]{conn-10004,procId-22} connected
[DEBUG][20-02-10][druid.sql.Connection]{conn-10005,procId-23} connected
[DEBUG][20-02-10][druid.sql.Connection]{conn-10005} pool-connect
[DEBUG][20-02-10][druid.sql.Statement]{conn-10005, pstmt-20000} created. select c.id,c.number number,count(si.id) studentNumber,c.grade grade,c.maj_id major
        from stu_info si
        join class c
        on c.id = si.cls_id
        where si.instructor=?
        group by cls_id;
[DEBUG][20-02-10][druid.sql.Statement]{conn-10005, pstmt-20000} Parameters : [6104119053]
[DEBUG][20-02-10][druid.sql.Statement]{conn-10005, pstmt-20000} Types : [VARCHAR]
[DEBUG][20-02-10][druid.sql.Statement]{conn-10005, pstmt-20000} executed. 8.7408 millis. select c.id,c.number number,count(si.id) studentNumber,c.grade grade,c.maj_id major
        from stu_info si
        join class c
        on c.id = si.cls_id
        where si.instructor=?
        group by cls_id;
[DEBUG][20-02-10][druid.sql.ResultSet]{conn-10005, pstmt-20000, rs-50000} open
[DEBUG][20-02-10][druid.sql.ResultSet]{conn-10005, pstmt-20000, rs-50000} Header: [id, number, studentNumber, grade, maj_id]
[DEBUG][20-02-10][druid.sql.ResultSet]{conn-10005, pstmt-20000, rs-50000} Result: [1, 1, 3, 2018, 1]
[DEBUG][20-02-10][druid.sql.ResultSet]{conn-10005, pstmt-20000, rs-50000} Result: [2, 2, 1, 2018, 1]
[DEBUG][20-02-10][druid.sql.ResultSet]{conn-10005, pstmt-20000, rs-50000} closed
[DEBUG][20-02-10][druid.sql.Statement]{conn-10005, pstmt-20000} clearParameters. 
[DEBUG][20-02-10][druid.sql.Connection]{conn-10005} pool-recycle
[DEBUG][20-02-10][druid.sql.Connection]{conn-10001} closed
[DEBUG][20-02-10][druid.sql.Connection]{conn-10002} closed
[DEBUG][20-02-10][druid.sql.Connection]{conn-10003} closed
[DEBUG][20-02-10][druid.sql.Connection]{conn-10004} closed
[DEBUG][20-02-10][druid.sql.Statement]{conn-10005, pstmt-20000} closed
[DEBUG][20-02-10][druid.sql.Connection]{conn-10005} closed
